Arguments: 
  /home/nuhutuh25/.nvm/versions/node/v14.17.6/bin/node /home/nuhutuh25/.nvm/versions/node/v14.17.6/bin/yarn add @solana/wallet-adapter-vue-ui

PATH: 
  /home/nuhutuh25/.local/share/solana/install/active_release/bin:/home/nuhutuh25/.local/bin:/home/nuhutuh25/.nvm/versions/node/v14.17.6/bin:/home/nuhutuh25/.cargo/bin:/home/nuhutuh25/.local/share/solana/install/active_release/bin:/home/nuhutuh25/.local/bin:/usr/local/sbin:/usr/local/bin:/usr/sbin:/usr/bin:/sbin:/bin:/usr/games:/usr/local/games:/snap/bin

Yarn version: 
  1.22.11

Node version: 
  14.17.6

Platform: 
  linux x64

Trace: 
  Error: https://registry.yarnpkg.com/@solana%2fwallet-adapter-vue-ui: Not found
      at Request.params.callback [as _callback] (/home/nuhutuh25/.nvm/versions/node/v14.17.6/lib/node_modules/yarn/lib/cli.js:66992:18)
      at Request.self.callback (/home/nuhutuh25/.nvm/versions/node/v14.17.6/lib/node_modules/yarn/lib/cli.js:140763:22)
      at Request.emit (events.js:400:28)
      at Request.<anonymous> (/home/nuhutuh25/.nvm/versions/node/v14.17.6/lib/node_modules/yarn/lib/cli.js:141735:10)
      at Request.emit (events.js:400:28)
      at IncomingMessage.<anonymous> (/home/nuhutuh25/.nvm/versions/node/v14.17.6/lib/node_modules/yarn/lib/cli.js:141657:12)
      at Object.onceWrapper (events.js:519:28)
      at IncomingMessage.emit (events.js:412:35)
      at endReadableNT (internal/streams/readable.js:1317:12)
      at processTicksAndRejections (internal/process/task_queues.js:82:21)

npm manifest: 
  {
      "dependencies": {
          "@project-serum/anchor": "^0.17.0",
          "axios": "^0.23.0",
          "vue": "^2.6.14",
          "vue-axios": "^3.3.7"
      },
      "devDependencies": {
          "chai": "^4.3.4",
          "mocha": "^9.0.3"
      }
  }

yarn manifest: 
  No manifest

Lockfile: 
  No lockfile
